PowerBASIC 10 for Windows
Copyright (c) 1996-2011 PowerBasic Inc.
Englewood, Florida USA
All Rights Reserved

Primary source:  E:\PBWIN1003\samples\codeformat\Code-Formatter v2c.bas   {200771 total lines}
Target compilation:  Code-Formatter v2c.EXE
Compile time:  1.2 seconds, at 10038550 lines/minute

16928 bytes compiled code, 24224 bytes RTLibrary,
1088 bytes string literals, and 3856 bytes dgroup.
Executable stack size:  1048576 bytes.
Disk image: 47616 bytes   Memory image: 29168 bytes.

Component Files:
----------------
E:\PBWIN1003\samples\codeformat\Code-Formatter v2c.bas
E:\PBWIN1003\WINAPI_II\WIN32API.INC
E:\PBWIN1003\WINAPI_II\WINDOWS.INC
E:\PBWIN1003\WINAPI_II\SDKDDKVER.INC
E:\PBWIN1003\WINAPI_II\WINDEF.INC
E:\PBWIN1003\WINAPI_II\WINNT.INC
E:\PBWIN1003\WINAPI_II\BASETSD.INC
E:\PBWIN1003\WINAPI_II\GUIDDEF.INC
E:\PBWIN1003\WINAPI_II\NTSTATUS.INC
E:\PBWIN1003\WINAPI_II\KTMTYPES.INC
E:\PBWIN1003\WINAPI_II\WINERROR.INC
E:\PBWIN1003\WINAPI_II\WINBASE.INC
E:\PBWIN1003\WINAPI_II\WINGDI.INC
E:\PBWIN1003\WINAPI_II\WINUSER.INC
E:\PBWIN1003\WINAPI_II\TVOUT.INC
E:\PBWIN1003\WINAPI_II\WINNLS.INC
E:\PBWIN1003\WINAPI_II\WINCON.INC
E:\PBWIN1003\WINAPI_II\WINVER.INC
E:\PBWIN1003\WINAPI_II\VERRSRC.INC
E:\PBWIN1003\WINAPI_II\WINREG.INC
E:\PBWIN1003\WINAPI_II\WTYPES.INC
E:\PBWIN1003\WINAPI_II\REASON.INC
E:\PBWIN1003\WINAPI_II\WINNETWK.INC
E:\PBWIN1003\WINAPI_II\WNNC.INC
E:\PBWIN1003\WINAPI_II\CDERR.INC
E:\PBWIN1003\WINAPI_II\DDE.INC
E:\PBWIN1003\WINAPI_II\DDEML.INC
E:\PBWIN1003\WINAPI_II\DLGS.INC
E:\PBWIN1003\WINAPI_II\LZEXPAND.INC
E:\PBWIN1003\WINAPI_II\MMSYSTEM.INC
E:\PBWIN1003\WINAPI_II\NB30.INC
E:\PBWIN1003\WINAPI_II\RPC.INC
E:\PBWIN1003\WINAPI_II\RPCDCE.INC
E:\PBWIN1003\WINAPI_II\RPCDCEP.INC
E:\PBWIN1003\WINAPI_II\RPCNSI.INC
E:\PBWIN1003\WINAPI_II\RPCASYNC.INC
E:\PBWIN1003\WINAPI_II\SHELLAPI.INC
E:\PBWIN1003\WINAPI_II\WINPERF.INC
E:\PBWIN1003\WINAPI_II\WINSOCK2.INC
E:\PBWIN1003\WINAPI_II\WS2DEF.INC
E:\PBWIN1003\WINAPI_II\INADDR.INC
E:\PBWIN1003\WINAPI_II\QOS.INC
E:\PBWIN1003\WINAPI_II\WINCRYPT.INC
E:\PBWIN1003\WINAPI_II\BCRYPT.INC
E:\PBWIN1003\WINAPI_II\NCRYPT.INC
E:\PBWIN1003\WINAPI_II\WINEFS.INC
E:\PBWIN1003\WINAPI_II\WINSCARD.INC
E:\PBWIN1003\WINAPI_II\WINIOCTL.INC
E:\PBWIN1003\WINAPI_II\WINSMCRD.INC
E:\PBWIN1003\WINAPI_II\WINSPOOL.INC
E:\PBWIN1003\WINAPI_II\WINSVC.INC
E:\PBWIN1003\WINAPI_II\MCX.INC
E:\PBWIN1003\WINAPI_II\IMM.INC
E:\PBWIN1003\WINAPI_II\IME_CMODES.INC
E:\PBWIN1003\WINAPI_II\COMMCTRL.INC
E:\PBWIN1003\WINAPI_II\OBJIDL.INC
E:\PBWIN1003\WINAPI_II\OLE2.INC
E:\PBWIN1003\WINAPI_II\OBJBASE.INC
E:\PBWIN1003\WINAPI_II\UNKNWN.INC
E:\PBWIN1003\WINAPI_II\OAIDL.INC
E:\PBWIN1003\WINAPI_II\CGUID.INC
E:\PBWIN1003\WINAPI_II\URLMON.INC
E:\PBWIN1003\WINAPI_II\OLEIDL.INC
E:\PBWIN1003\WINAPI_II\SERVPROV.INC
E:\PBWIN1003\WINAPI_II\MSXML.INC
E:\PBWIN1003\WINAPI_II\PROPIDL.INC
E:\PBWIN1003\WINAPI_II\OLEAUTO.INC


Code Extracted:
---------------
INT32X32TO64
UINT32X32TO64
INT64SHLLMOD32
INT64SHRAMOD32
INT64SHRLMOD32
MAKELANGID
PRIMARYLANGID
SUBLANGID
MAKELCID
MAKESORTLCID
LANGIDFROMLCID
SORTIDFROMLCID
SORTVERSIONFROMLCID
FILTER_FLT_NTSTATUS_FROM_HRESULT
NTSTATUS_FROM_WIN32
ISPTR
ISFCN
ISARY
ISTAG
HEAP_MAKE_TAG_FLAGS
FILLMEMORY
ZEROMEMORY
WT_SET_MAX_THREADPOOL_THREADS
SUCCEEDED
FAILED
IS_ERROR
HRESULT_CODE
SCODE_CODE
HRESULT_FACILITY
SCODE_FACILITY
HRESULT_SEVERITY
SCODE_SEVERITY
MAKE_HRESULT
MAKE_SCODE
HRESULT_FROM_WIN32
HRESULT_FROM_NT
HRESULT_FROM_SETUPAPI
FILTER_HRESULT_FROM_FLT_NTSTATUS
INTERLOCKEDAND64
INTERLOCKEDOR64
INTERLOCKEDXOR64
INTERLOCKEDINCREMENT64
INTERLOCKEDDECREMENT64
INTERLOCKEDEXCHANGE64
INTERLOCKEDEXCHANGEADD64
GETHINST
GETKVALUE
GETYVALUE
GETMVALUE
GETCVALUE
CMYK
PALETTERGB
PALETTEINDEX
MOVETO
IS_INTRESOURCE
MAKEINTRESOURCEA
MAKEINTRESOURCEW
EXITWINDOWS
CREATEWINDOWA
CREATEWINDOWW
CREATEDIALOGINDIRECTA
CREATEDIALOGINDIRECTW
CREATEDIALOGA
CREATEDIALOGW
DIALOGBOXA
DIALOGBOXW
DIALOGBOXINDIRECTA
DIALOGBOXINDIRECTW
GETWINDOWTASK
GETNEXTWINDOW
DEFHOOKPROC
MAKEFOURCC
SNDALIAS
MEVT_EVENTTYPE
MEVT_EVENTPARM
MMIOFOURCC
MCI_MSF_MINUTE
MCI_MSF_SECOND
MCI_MSF_FRAME
MCI_MAKE_MSF
MCI_TMSF_TRACK
MCI_TMSF_MINUTE
MCI_TMSF_SECOND
MCI_TMSF_FRAME
MCI_MAKE_TMSF
MCI_HMS_HOUR
MCI_HMS_MINUTE
MCI_HMS_SECOND
MCI_MAKE_HMS
CANSHAREFOLDERW
SHOWSHAREFOLDERUI
NETADDR_GETADDRESS
NETADDR_SETALLOWTYPE
NETADDR_GETALLOWTYPE
NETADDR_DISPLAYERRORTIP
IN_CLASSA
IN_CLASSB
IN_CLASSC
IN_CLASSD
IN_MULTICAST
IO_
IOR_
IOW_
FD_SET
FD_ZERO
FD_ISSET
WSAMAKEASYNCREPLY
WSAMAKESELECTREPLY
WSAGETASYNCBUFLEN
WSAGETASYNCERROR
WSAGETSELECTEVENT
WSAGETSELECTERROR
GETHOSTADDR
H_ERRNO
GET_ALG_CLASS
GET_ALG_TYPE
GET_ALG_SID
BCRYPT_SUCCESS
BCRYPT_INIT_AUTH_MODE_INFO
CTL_CODE
DEVICE_TYPE_FROM_CTL_CODE
METHOD_FROM_CTL_CODE
SCARD_ATTR_VALUE
PTR2OBJ
AFXSHOWMSG
AFXGETWINDOWSVERSION
AFXGETWINDOWSPLATFORM
AFXGETWINDOWSBUILD
AFXISPLATFORMNT
AFXGETCOMCTLVERSION
AFXWINERRMSG
XMLENCODEBASE64
XMLDECODEBASE64
PROPVARIANTINIT
LHASHVALOFNAME
WHASHVALOFLHASHVAL
ISHASHVALCOMPATIBLE
IMAGELIST_ADDICON
INDEXTOOVERLAYMASK
INDEXTOSTATEIMAGEMASK
MAKEIPRANGE
MAKEIPADDRESS
FIRST_IPADDRESS
SECOND_IPADDRESS
THIRD_IPADDRESS
FOURTH_IPADDRESS
DSA_DELETEITEM
DSA_GETITEM
DSA_SETITEM
DPA_CREATEEX
DPA_CLONE
DPA_GETPTRINDEX
DPA_MERGE
